{"numTotalTestSuites":1,"numPassedTestSuites":0,"numFailedTestSuites":1,"numPendingTestSuites":0,"numTotalTests":0,"numPassedTests":0,"numFailedTests":0,"numPendingTests":0,"numTodoTests":0,"snapshot":{"added":0,"failure":false,"filesAdded":0,"filesRemoved":0,"filesRemovedList":[],"filesUnmatched":0,"filesUpdated":0,"matched":0,"total":0,"unchecked":0,"uncheckedKeysByFile":[],"unmatched":0,"updated":0,"didUpdate":false},"startTime":1755502313880,"success":false,"testResults":[{"assertionResults":[],"startTime":1755502313880,"endTime":1755502313880,"status":"failed","message":"expect is not defined","name":"D:/Study/my-fullstack-app/tests/ui/ConfigForm.test.ts"}]}