{"total": {"lines":{"total":900,"covered":398,"skipped":0,"pct":44.22},"statements":{"total":900,"covered":398,"skipped":0,"pct":44.22},"functions":{"total":68,"covered":48,"skipped":0,"pct":70.58},"branches":{"total":147,"covered":86,"skipped":0,"pct":58.5},"branchesTrue":{"total":0,"covered":0,"skipped":0,"pct":100}}
,"D:\\Study\\my-fullstack-app\\src\\app\\api\\[...all]\\route.ts": {"lines":{"total":16,"covered":0,"skipped":0,"pct":0},"functions":{"total":1,"covered":0,"skipped":0,"pct":0},"statements":{"total":16,"covered":0,"skipped":0,"pct":0},"branches":{"total":1,"covered":0,"skipped":0,"pct":0}}
,"D:\\Study\\my-fullstack-app\\src\\app\\api\\_utils\\guard.ts": {"lines":{"total":13,"covered":0,"skipped":0,"pct":0},"functions":{"total":1,"covered":0,"skipped":0,"pct":0},"statements":{"total":13,"covered":0,"skipped":0,"pct":0},"branches":{"total":1,"covered":0,"skipped":0,"pct":0}}
,"D:\\Study\\my-fullstack-app\\src\\app\\api\\_utils\\handler.ts": {"lines":{"total":32,"covered":29,"skipped":0,"pct":90.62},"functions":{"total":3,"covered":3,"skipped":0,"pct":100},"statements":{"total":32,"covered":29,"skipped":0,"pct":90.62},"branches":{"total":15,"covered":11,"skipped":0,"pct":73.33}}
,"D:\\Study\\my-fullstack-app\\src\\app\\api\\_utils\\response.ts": {"lines":{"total":26,"covered":26,"skipped":0,"pct":100},"functions":{"total":7,"covered":7,"skipped":0,"pct":100},"statements":{"total":26,"covered":26,"skipped":0,"pct":100},"branches":{"total":7,"covered":7,"skipped":0,"pct":100}}
,"D:\\Study\\my-fullstack-app\\src\\app\\api\\admin\\login\\route.ts": {"lines":{"total":29,"covered":19,"skipped":0,"pct":65.51},"functions":{"total":0,"covered":0,"skipped":0,"pct":100},"statements":{"total":29,"covered":19,"skipped":0,"pct":65.51},"branches":{"total":6,"covered":1,"skipped":0,"pct":16.66}}
,"D:\\Study\\my-fullstack-app\\src\\app\\api\\captcha\\route.ts": {"lines":{"total":33,"covered":0,"skipped":0,"pct":0},"functions":{"total":1,"covered":0,"skipped":0,"pct":0},"statements":{"total":33,"covered":0,"skipped":0,"pct":0},"branches":{"total":1,"covered":0,"skipped":0,"pct":0}}
,"D:\\Study\\my-fullstack-app\\src\\components\\auth\\AuthGuard.tsx": {"lines":{"total":28,"covered":0,"skipped":0,"pct":0},"functions":{"total":1,"covered":0,"skipped":0,"pct":0},"statements":{"total":28,"covered":0,"skipped":0,"pct":0},"branches":{"total":1,"covered":0,"skipped":0,"pct":0}}
,"D:\\Study\\my-fullstack-app\\src\\components\\layouts\\BasicAside.tsx": {"lines":{"total":112,"covered":0,"skipped":0,"pct":0},"functions":{"total":1,"covered":0,"skipped":0,"pct":0},"statements":{"total":112,"covered":0,"skipped":0,"pct":0},"branches":{"total":1,"covered":0,"skipped":0,"pct":0}}
,"D:\\Study\\my-fullstack-app\\src\\components\\layouts\\BasicHeader.tsx": {"lines":{"total":24,"covered":0,"skipped":0,"pct":0},"functions":{"total":1,"covered":0,"skipped":0,"pct":0},"statements":{"total":24,"covered":0,"skipped":0,"pct":0},"branches":{"total":1,"covered":0,"skipped":0,"pct":0}}
,"D:\\Study\\my-fullstack-app\\src\\components\\layouts\\BasicLayout.tsx": {"lines":{"total":26,"covered":0,"skipped":0,"pct":0},"functions":{"total":1,"covered":0,"skipped":0,"pct":0},"statements":{"total":26,"covered":0,"skipped":0,"pct":0},"branches":{"total":1,"covered":0,"skipped":0,"pct":0}}
,"D:\\Study\\my-fullstack-app\\src\\components\\layouts\\BasicTabs.tsx": {"lines":{"total":57,"covered":0,"skipped":0,"pct":0},"functions":{"total":1,"covered":0,"skipped":0,"pct":0},"statements":{"total":57,"covered":0,"skipped":0,"pct":0},"branches":{"total":1,"covered":0,"skipped":0,"pct":0}}
,"D:\\Study\\my-fullstack-app\\src\\components\\ui\\Loading.tsx": {"lines":{"total":18,"covered":0,"skipped":0,"pct":0},"functions":{"total":1,"covered":0,"skipped":0,"pct":0},"statements":{"total":18,"covered":0,"skipped":0,"pct":0},"branches":{"total":1,"covered":0,"skipped":0,"pct":0}}
,"D:\\Study\\my-fullstack-app\\src\\lib\\antd-config.ts": {"lines":{"total":17,"covered":0,"skipped":0,"pct":0},"functions":{"total":1,"covered":0,"skipped":0,"pct":0},"statements":{"total":17,"covered":0,"skipped":0,"pct":0},"branches":{"total":1,"covered":0,"skipped":0,"pct":0}}
,"D:\\Study\\my-fullstack-app\\src\\lib\\crypto.ts": {"lines":{"total":53,"covered":51,"skipped":0,"pct":96.22},"functions":{"total":8,"covered":8,"skipped":0,"pct":100},"statements":{"total":53,"covered":51,"skipped":0,"pct":96.22},"branches":{"total":12,"covered":9,"skipped":0,"pct":75}}
,"D:\\Study\\my-fullstack-app\\src\\lib\\https.ts": {"lines":{"total":272,"covered":171,"skipped":0,"pct":62.86},"functions":{"total":22,"covered":13,"skipped":0,"pct":59.09},"statements":{"total":272,"covered":171,"skipped":0,"pct":62.86},"branches":{"total":62,"covered":37,"skipped":0,"pct":59.67}}
,"D:\\Study\\my-fullstack-app\\src\\lib\\jwt.ts": {"lines":{"total":47,"covered":47,"skipped":0,"pct":100},"functions":{"total":6,"covered":6,"skipped":0,"pct":100},"statements":{"total":47,"covered":47,"skipped":0,"pct":100},"branches":{"total":18,"covered":6,"skipped":0,"pct":33.33}}
,"D:\\Study\\my-fullstack-app\\src\\lib\\password.ts": {"lines":{"total":9,"covered":9,"skipped":0,"pct":100},"functions":{"total":2,"covered":2,"skipped":0,"pct":100},"statements":{"total":9,"covered":9,"skipped":0,"pct":100},"branches":{"total":3,"covered":2,"skipped":0,"pct":66.66}}
,"D:\\Study\\my-fullstack-app\\src\\lib\\theme.ts": {"lines":{"total":36,"covered":0,"skipped":0,"pct":0},"functions":{"total":1,"covered":1,"skipped":0,"pct":100},"statements":{"total":36,"covered":0,"skipped":0,"pct":0},"branches":{"total":1,"covered":1,"skipped":0,"pct":100}}
,"D:\\Study\\my-fullstack-app\\src\\lib\\utils.ts": {"lines":{"total":46,"covered":46,"skipped":0,"pct":100},"functions":{"total":8,"covered":8,"skipped":0,"pct":100},"statements":{"total":46,"covered":46,"skipped":0,"pct":100},"branches":{"total":12,"covered":12,"skipped":0,"pct":100}}
,"D:\\Study\\my-fullstack-app\\src\\lib\\validations.ts": {"lines":{"total":6,"covered":0,"skipped":0,"pct":0},"functions":{"total":1,"covered":0,"skipped":0,"pct":0},"statements":{"total":6,"covered":0,"skipped":0,"pct":0},"branches":{"total":1,"covered":0,"skipped":0,"pct":0}}
}
