TN:
SF:src\app\api\[...all]\route.ts
FN:1,(empty-report)
FNF:1
FNH:0
FNDA:0,(empty-report)
DA:1,0
DA:4,0
DA:5,0
DA:6,0
DA:8,0
DA:9,0
DA:10,0
DA:12,0
DA:13,0
DA:14,0
DA:16,0
DA:17,0
DA:18,0
DA:20,0
DA:21,0
DA:22,0
LF:16
LH:0
BRDA:1,0,0,0
BRF:1
BRH:0
end_of_record
TN:
SF:src\app\api\_utils\guard.ts
FN:1,(empty-report)
FNF:1
FNH:0
FNDA:0,(empty-report)
DA:1,0
DA:12,0
DA:13,0
DA:16,0
DA:17,0
DA:18,0
DA:21,0
DA:22,0
DA:23,0
DA:24,0
DA:25,0
DA:26,0
DA:27,0
LF:13
LH:0
BRDA:1,0,0,0
BRF:1
BRH:0
end_of_record
TN:
SF:src\app\api\_utils\handler.ts
FN:12,createHandler
FN:15,route
FN:28,route
FNF:3
FNH:3
FNDA:6,createHandler
FNDA:4,route
FNDA:3,route
DA:1,1
DA:12,1
DA:13,6
DA:14,4
DA:15,4
DA:16,4
DA:17,4
DA:18,4
DA:19,1
DA:20,1
DA:21,1
DA:22,1
DA:23,1
DA:24,4
DA:25,4
DA:27,2
DA:28,2
DA:29,3
DA:30,3
DA:31,3
DA:32,1
DA:33,1
DA:34,2
DA:35,2
DA:36,3
DA:37,2
DA:38,3
DA:39,0
DA:40,0
DA:41,0
DA:42,3
DA:43,2
LF:32
LH:29
BRDA:12,0,0,6
BRDA:13,1,0,4
BRDA:25,2,0,2
BRDA:15,3,0,4
BRDA:17,4,0,3
BRDA:18,5,0,2
BRDA:18,6,0,1
BRDA:22,7,0,0
BRDA:22,8,0,0
BRDA:28,9,0,3
BRDA:31,10,0,1
BRDA:33,11,0,2
BRDA:36,12,0,0
BRDA:36,13,0,2
BRDA:38,14,0,0
BRF:15
BRH:11
end_of_record
TN:
SF:src\app\api\_utils\response.ts
FN:15,ok
FN:20,error
FN:25,methodNotAllowed
FN:31,badRequest
FN:35,unauthorized
FN:39,forbidden
FN:42,notFound
FNF:7
FNH:7
FNDA:5,ok
FNDA:8,error
FNDA:1,methodNotAllowed
FNDA:1,badRequest
FNDA:1,unauthorized
FNDA:1,forbidden
FNDA:1,notFound
DA:1,1
DA:15,1
DA:16,5
DA:17,5
DA:18,5
DA:20,1
DA:21,8
DA:22,8
DA:23,8
DA:25,1
DA:26,1
DA:27,1
DA:28,1
DA:29,1
DA:31,1
DA:32,1
DA:33,1
DA:35,1
DA:36,1
DA:37,1
DA:39,1
DA:40,1
DA:41,1
DA:42,1
DA:43,1
DA:44,1
LF:26
LH:26
BRDA:15,0,0,5
BRDA:20,1,0,8
BRDA:25,2,0,1
BRDA:31,3,0,1
BRDA:35,4,0,1
BRDA:39,5,0,1
BRDA:42,6,0,1
BRF:7
BRH:7
end_of_record
TN:
SF:src\app\api\admin\login\route.ts
FNF:0
FNH:0
DA:1,1
DA:13,1
DA:14,1
DA:15,1
DA:16,0
DA:17,0
DA:18,1
DA:19,1
DA:20,1
DA:21,1
DA:22,1
DA:23,0
DA:24,0
DA:25,1
DA:26,1
DA:27,0
DA:28,0
DA:29,1
DA:30,1
DA:31,1
DA:32,0
DA:33,0
DA:34,1
DA:35,1
DA:36,0
DA:37,0
DA:38,1
DA:39,1
DA:40,1
LF:29
LH:19
BRDA:13,0,0,1
BRDA:15,1,0,0
BRDA:22,2,0,0
BRDA:26,3,0,0
BRDA:31,4,0,0
BRDA:35,5,0,0
BRF:6
BRH:1
end_of_record
TN:
SF:src\app\api\captcha\route.ts
FN:1,(empty-report)
FNF:1
FNH:0
FNDA:0,(empty-report)
DA:1,0
DA:6,0
DA:7,0
DA:8,0
DA:9,0
DA:10,0
DA:11,0
DA:12,0
DA:13,0
DA:14,0
DA:15,0
DA:16,0
DA:17,0
DA:18,0
DA:19,0
DA:20,0
DA:21,0
DA:22,0
DA:24,0
DA:35,0
DA:47,0
DA:48,0
DA:49,0
DA:50,0
DA:51,0
DA:52,0
DA:53,0
DA:54,0
DA:55,0
DA:56,0
DA:57,0
DA:58,0
DA:59,0
LF:33
LH:0
BRDA:1,0,0,0
BRF:1
BRH:0
end_of_record
TN:
SF:src\components\auth\AuthGuard.tsx
FN:1,(empty-report)
FNF:1
FNH:0
FNDA:0,(empty-report)
DA:1,0
DA:11,0
DA:12,0
DA:13,0
DA:14,0
DA:15,0
DA:18,0
DA:20,0
DA:22,0
DA:25,0
DA:26,0
DA:27,0
DA:28,0
DA:31,0
DA:32,0
DA:33,0
DA:34,0
DA:35,0
DA:36,0
DA:37,0
DA:39,0
DA:40,0
DA:41,0
DA:42,0
DA:43,0
DA:45,0
DA:46,0
DA:48,0
LF:28
LH:0
BRDA:1,0,0,0
BRF:1
BRH:0
end_of_record
TN:
SF:src\components\layouts\BasicAside.tsx
FN:1,(empty-report)
FNF:1
FNH:0
FNDA:0,(empty-report)
DA:1,0
DA:2,0
DA:3,0
DA:4,0
DA:5,0
DA:7,0
DA:8,0
DA:9,0
DA:10,0
DA:11,0
DA:12,0
DA:13,0
DA:14,0
DA:15,0
DA:16,0
DA:17,0
DA:18,0
DA:19,0
DA:20,0
DA:21,0
DA:22,0
DA:23,0
DA:24,0
DA:25,0
DA:26,0
DA:27,0
DA:28,0
DA:29,0
DA:30,0
DA:31,0
DA:32,0
DA:33,0
DA:34,0
DA:35,0
DA:36,0
DA:37,0
DA:38,0
DA:39,0
DA:40,0
DA:41,0
DA:42,0
DA:43,0
DA:44,0
DA:45,0
DA:46,0
DA:47,0
DA:48,0
DA:49,0
DA:50,0
DA:51,0
DA:52,0
DA:53,0
DA:54,0
DA:56,0
DA:57,0
DA:58,0
DA:59,0
DA:60,0
DA:61,0
DA:63,0
DA:64,0
DA:65,0
DA:66,0
DA:68,0
DA:69,0
DA:71,0
DA:72,0
DA:73,0
DA:74,0
DA:75,0
DA:76,0
DA:77,0
DA:78,0
DA:79,0
DA:80,0
DA:81,0
DA:82,0
DA:84,0
DA:85,0
DA:86,0
DA:88,0
DA:90,0
DA:91,0
DA:92,0
DA:93,0
DA:94,0
DA:95,0
DA:96,0
DA:97,0
DA:99,0
DA:100,0
DA:101,0
DA:102,0
DA:104,0
DA:105,0
DA:106,0
DA:107,0
DA:108,0
DA:109,0
DA:110,0
DA:112,0
DA:114,0
DA:116,0
DA:118,0
DA:120,0
DA:121,0
DA:123,0
DA:124,0
DA:125,0
DA:126,0
DA:128,0
DA:130,0
LF:112
LH:0
BRDA:1,0,0,0
BRF:1
BRH:0
end_of_record
TN:
SF:src\components\layouts\BasicHeader.tsx
FN:1,(empty-report)
FNF:1
FNH:0
FNDA:0,(empty-report)
DA:1,0
DA:2,0
DA:3,0
DA:4,0
DA:6,0
DA:7,0
DA:8,0
DA:9,0
DA:10,0
DA:11,0
DA:12,0
DA:13,0
DA:14,0
DA:15,0
DA:16,0
DA:17,0
DA:18,0
DA:19,0
DA:20,0
DA:21,0
DA:22,0
DA:23,0
DA:25,0
DA:27,0
LF:24
LH:0
BRDA:1,0,0,0
BRF:1
BRH:0
end_of_record
TN:
SF:src\components\layouts\BasicLayout.tsx
FN:1,(empty-report)
FNF:1
FNH:0
FNDA:0,(empty-report)
DA:1,0
DA:2,0
DA:3,0
DA:4,0
DA:5,0
DA:6,0
DA:7,0
DA:8,0
DA:12,0
DA:13,0
DA:14,0
DA:15,0
DA:16,0
DA:17,0
DA:18,0
DA:19,0
DA:20,0
DA:21,0
DA:22,0
DA:23,0
DA:24,0
DA:25,0
DA:26,0
DA:27,0
DA:29,0
DA:31,0
LF:26
LH:0
BRDA:1,0,0,0
BRF:1
BRH:0
end_of_record
TN:
SF:src\components\layouts\BasicTabs.tsx
FN:1,(empty-report)
FNF:1
FNH:0
FNDA:0,(empty-report)
DA:1,0
DA:2,0
DA:3,0
DA:4,0
DA:6,0
DA:7,0
DA:8,0
DA:9,0
DA:10,0
DA:11,0
DA:12,0
DA:13,0
DA:15,0
DA:16,0
DA:17,0
DA:18,0
DA:19,0
DA:20,0
DA:21,0
DA:22,0
DA:24,0
DA:25,0
DA:26,0
DA:27,0
DA:28,0
DA:29,0
DA:30,0
DA:31,0
DA:33,0
DA:34,0
DA:35,0
DA:36,0
DA:37,0
DA:38,0
DA:39,0
DA:40,0
DA:42,0
DA:43,0
DA:44,0
DA:46,0
DA:47,0
DA:48,0
DA:49,0
DA:50,0
DA:51,0
DA:52,0
DA:53,0
DA:54,0
DA:55,0
DA:56,0
DA:57,0
DA:58,0
DA:59,0
DA:60,0
DA:61,0
DA:63,0
DA:65,0
LF:57
LH:0
BRDA:1,0,0,0
BRF:1
BRH:0
end_of_record
TN:
SF:src\components\ui\Loading.tsx
FN:1,(empty-report)
FNF:1
FNH:0
FNDA:0,(empty-report)
DA:1,0
DA:2,0
DA:3,0
DA:5,0
DA:6,0
DA:7,0
DA:8,0
DA:9,0
DA:10,0
DA:11,0
DA:14,0
DA:15,0
DA:16,0
DA:17,0
DA:18,0
DA:21,0
DA:22,0
DA:24,0
LF:18
LH:0
BRDA:1,0,0,0
BRF:1
BRH:0
end_of_record
TN:
SF:src\lib\antd-config.ts
FN:1,(empty-report)
FNF:1
FNH:0
FNDA:0,(empty-report)
DA:1,0
DA:4,0
DA:5,0
DA:6,0
DA:7,0
DA:8,0
DA:9,0
DA:10,0
DA:11,0
DA:12,0
DA:13,0
DA:14,0
DA:15,0
DA:16,0
DA:17,0
DA:18,0
DA:20,0
LF:17
LH:0
BRDA:1,0,0,0
BRF:1
BRH:0
end_of_record
TN:
SF:src\lib\crypto.ts
FN:3,getEnv
FN:9,base64UrlEncode
FN:14,base64UrlDecode
FN:21,getAesGcmKey
FN:32,encryptString
FN:44,decryptString
FN:54,encryptJson
FN:58,decryptJson
FNF:8
FNH:8
FNDA:4,getEnv
FNDA:2,base64UrlEncode
FNDA:6,base64UrlDecode
FNDA:4,getAesGcmKey
FNDA:2,encryptString
FNDA:2,decryptString
FNDA:1,encryptJson
FNDA:1,decryptJson
DA:1,1
DA:3,4
DA:4,4
DA:5,4
DA:6,4
DA:7,4
DA:9,2
DA:10,2
DA:11,2
DA:12,2
DA:14,6
DA:15,6
DA:16,6
DA:17,6
DA:18,6
DA:19,6
DA:21,4
DA:22,4
DA:23,4
DA:24,4
DA:25,0
DA:26,0
DA:27,4
DA:28,4
DA:29,4
DA:30,4
DA:32,2
DA:33,2
DA:34,2
DA:35,2
DA:36,2
DA:37,2
DA:38,2
DA:39,2
DA:40,2
DA:41,2
DA:42,2
DA:44,2
DA:45,2
DA:46,2
DA:47,2
DA:48,2
DA:49,2
DA:50,2
DA:51,2
DA:52,2
DA:54,1
DA:55,1
DA:56,1
DA:58,1
DA:59,1
DA:60,1
DA:61,1
LF:53
LH:51
BRDA:3,0,0,4
BRDA:5,1,0,0
BRDA:9,2,0,2
BRDA:14,3,0,6
BRDA:16,4,0,1
BRDA:21,5,0,4
BRDA:24,6,0,0
BRDA:32,7,0,2
BRDA:44,8,0,2
BRDA:47,9,0,0
BRDA:54,10,0,1
BRDA:58,11,0,1
BRF:12
BRH:9
end_of_record
TN:
SF:src\lib\https.ts
FN:23,HttpError
FN:41,<static_initializer>
FN:44,HttpRequest
FN:58,requestInterceptor
FN:95,responseInterceptor
FN:154,handleError
FN:174,getToken
FN:181,toLogin
FN:190,getRefreshToken
FN:198,setToken
FN:209,setTokens
FN:224,clearToken
FN:232,refreshAccessToken
FN:253,request
FN:261,requestInternal
FN:320,get
FN:325,post
FN:330,put
FN:335,delete
FN:340,patch
FN:345,upload
FN:352,download
FNF:22
FNH:13
FNDA:3,HttpError
FNDA:1,<static_initializer>
FNDA:2,HttpRequest
FNDA:7,requestInterceptor
FNDA:4,responseInterceptor
FNDA:2,handleError
FNDA:7,getToken
FNDA:0,toLogin
FNDA:1,getRefreshToken
FNDA:1,setToken
FNDA:0,setTokens
FNDA:0,clearToken
FNDA:1,refreshAccessToken
FNDA:6,request
FNDA:7,requestInternal
FNDA:6,get
FNDA:0,post
FNDA:0,put
FNDA:0,delete
FNDA:0,patch
FNDA:0,upload
FNDA:0,download
DA:1,1
DA:19,1
DA:23,1
DA:24,3
DA:25,3
DA:26,3
DA:27,3
DA:28,3
DA:29,1
DA:38,1
DA:41,1
DA:42,1
DA:44,1
DA:45,2
DA:46,2
DA:47,2
DA:48,2
DA:49,2
DA:50,2
DA:51,2
DA:52,2
DA:53,2
DA:54,2
DA:55,2
DA:58,1
DA:60,7
DA:62,7
DA:63,7
DA:64,7
DA:65,7
DA:66,7
DA:67,7
DA:68,7
DA:69,7
DA:72,7
DA:73,2
DA:74,2
DA:75,2
DA:76,2
DA:77,2
DA:80,7
DA:81,0
DA:82,0
DA:84,0
DA:85,0
DA:86,0
DA:87,0
DA:88,0
DA:89,0
DA:91,7
DA:92,7
DA:95,1
DA:96,4
DA:99,4
DA:100,4
DA:103,4
DA:104,3
DA:105,3
DA:106,2
DA:107,2
DA:108,2
DA:109,2
DA:110,2
DA:111,2
DA:112,2
DA:114,3
DA:115,3
DA:118,1
DA:119,1
DA:120,1
DA:121,1
DA:122,1
DA:123,1
DA:124,1
DA:125,1
DA:126,4
DA:127,4
DA:128,0
DA:129,0
DA:130,0
DA:131,0
DA:132,0
DA:133,0
DA:134,0
DA:135,0
DA:136,0
DA:137,0
DA:138,0
DA:140,0
DA:141,0
DA:142,0
DA:143,0
DA:144,0
DA:145,0
DA:146,0
DA:147,0
DA:148,0
DA:149,0
DA:150,0
DA:151,4
DA:154,1
DA:155,2
DA:157,2
DA:158,1
DA:159,1
DA:161,2
DA:162,1
DA:163,1
DA:166,0
DA:167,0
DA:168,0
DA:170,2
DA:171,2
DA:174,1
DA:175,7
DA:176,3
DA:177,3
DA:178,4
DA:179,7
DA:181,1
DA:182,0
DA:183,0
DA:184,0
DA:185,0
DA:186,0
DA:187,0
DA:188,0
DA:190,1
DA:191,1
DA:192,1
DA:193,1
DA:194,0
DA:195,1
DA:198,1
DA:199,1
DA:200,1
DA:201,1
DA:202,1
DA:203,0
DA:204,0
DA:205,1
DA:206,1
DA:209,1
DA:210,0
DA:211,0
DA:212,0
DA:213,0
DA:214,0
DA:215,0
DA:216,0
DA:217,0
DA:218,0
DA:219,0
DA:220,0
DA:221,0
DA:224,1
DA:225,0
DA:226,0
DA:227,0
DA:228,0
DA:229,0
DA:232,1
DA:233,1
DA:234,1
DA:235,1
DA:236,1
DA:237,1
DA:238,1
DA:239,1
DA:240,1
DA:241,1
DA:242,1
DA:243,1
DA:244,1
DA:245,1
DA:246,1
DA:247,1
DA:248,1
DA:249,0
DA:250,1
DA:253,1
DA:254,6
DA:255,6
DA:256,6
DA:257,6
DA:258,6
DA:259,6
DA:261,1
DA:262,7
DA:263,7
DA:264,7
DA:265,7
DA:266,7
DA:267,7
DA:269,7
DA:270,7
DA:271,7
DA:273,7
DA:274,7
DA:276,7
DA:277,5
DA:280,7
DA:281,1
DA:282,1
DA:283,1
DA:284,1
DA:286,0
DA:287,0
DA:288,0
DA:289,0
DA:291,1
DA:294,4
DA:295,4
DA:296,7
DA:297,3
DA:298,3
DA:299,3
DA:300,0
DA:301,0
DA:302,0
DA:303,0
DA:304,0
DA:305,0
DA:306,0
DA:307,0
DA:309,0
DA:310,3
DA:311,7
DA:313,4
DA:314,7
DA:315,2
DA:316,2
DA:317,7
DA:320,1
DA:321,6
DA:322,6
DA:325,1
DA:326,0
DA:327,0
DA:330,1
DA:331,0
DA:332,0
DA:335,1
DA:336,0
DA:337,0
DA:340,1
DA:341,0
DA:342,0
DA:345,1
DA:346,0
DA:347,0
DA:348,0
DA:349,0
DA:352,1
DA:353,0
DA:355,0
DA:356,0
DA:357,0
DA:358,0
DA:359,0
DA:360,0
DA:361,0
DA:362,0
DA:363,0
DA:364,0
DA:365,0
DA:366,0
DA:367,0
DA:368,0
DA:369,1
DA:372,1
DA:375,1
LF:272
LH:171
BRDA:23,0,0,3
BRDA:41,1,0,1
BRDA:44,2,0,2
BRDA:46,3,0,1
BRDA:58,4,0,7
BRDA:63,5,0,0
BRDA:68,6,0,0
BRDA:72,7,0,2
BRDA:80,8,0,0
BRDA:80,9,0,0
BRDA:95,10,0,4
BRDA:103,11,0,3
BRDA:105,12,0,2
BRDA:108,13,0,1
BRDA:109,14,0,0
BRDA:112,15,0,1
BRDA:114,16,0,0
BRDA:115,17,0,1
BRDA:125,18,0,0
BRDA:126,19,0,0
BRDA:126,20,0,0
BRDA:126,21,0,0
BRDA:126,22,0,0
BRDA:127,23,0,0
BRDA:154,24,0,2
BRDA:157,25,0,1
BRDA:157,26,0,1
BRDA:157,27,0,1
BRDA:161,28,0,1
BRDA:163,29,0,0
BRDA:170,30,0,0
BRDA:174,31,0,7
BRDA:175,32,0,3
BRDA:176,33,0,1
BRDA:177,34,0,4
BRDA:190,35,0,1
BRDA:192,36,0,0
BRDA:193,37,0,0
BRDA:198,38,0,1
BRDA:202,39,0,0
BRDA:232,40,0,1
BRDA:234,41,0,0
BRDA:243,42,0,0
BRDA:244,43,0,0
BRDA:248,44,0,0
BRDA:253,45,0,6
BRDA:261,46,0,7
BRDA:267,47,0,0
BRDA:276,48,0,5
BRDA:280,49,0,1
BRDA:280,50,0,1
BRDA:284,51,0,0
BRDA:291,52,0,4
BRDA:296,53,0,3
BRDA:296,54,0,3
BRDA:296,55,0,3
BRDA:299,56,0,2
BRDA:299,57,0,0
BRDA:311,58,0,0
BRDA:311,59,0,4
BRDA:314,60,0,2
BRDA:320,61,0,6
BRF:62
BRH:37
end_of_record
TN:
SF:src\lib\jwt.ts
FN:16,encoder
FN:24,getEnv
FN:46,signAccessToken
FN:68,verifyAccessToken
FN:89,signRefreshToken
FN:109,verifyRefreshToken
FNF:6
FNH:6
FNDA:4,encoder
FNDA:4,getEnv
FNDA:1,signAccessToken
FNDA:1,verifyAccessToken
FNDA:1,signRefreshToken
FNDA:1,verifyRefreshToken
DA:1,1
DA:16,1
DA:24,4
DA:25,4
DA:26,4
DA:27,4
DA:28,4
DA:46,1
DA:47,1
DA:48,1
DA:49,1
DA:50,1
DA:52,1
DA:53,1
DA:54,1
DA:55,1
DA:56,1
DA:57,1
DA:58,1
DA:59,1
DA:68,1
DA:69,1
DA:70,1
DA:71,1
DA:72,1
DA:73,1
DA:74,1
DA:89,1
DA:90,1
DA:91,1
DA:92,1
DA:93,1
DA:94,1
DA:95,1
DA:96,1
DA:97,1
DA:98,1
DA:99,1
DA:100,1
DA:101,1
DA:109,1
DA:110,1
DA:111,1
DA:112,1
DA:113,1
DA:114,1
DA:115,1
LF:47
LH:47
BRDA:16,0,0,4
BRDA:24,1,0,4
BRDA:25,2,0,0
BRDA:26,3,0,0
BRDA:46,4,0,1
BRDA:48,5,0,0
BRDA:49,6,0,0
BRDA:50,7,0,0
BRDA:68,8,0,1
BRDA:70,9,0,0
BRDA:71,10,0,0
BRDA:89,11,0,1
BRDA:91,12,0,0
BRDA:92,13,0,0
BRDA:93,14,0,0
BRDA:109,15,0,1
BRDA:111,16,0,0
BRDA:112,17,0,0
BRF:18
BRH:6
end_of_record
TN:
SF:src\lib\password.ts
FN:3,hashPassword
FN:9,verifyPassword
FNF:2
FNH:2
FNDA:2,hashPassword
FNDA:2,verifyPassword
DA:1,1
DA:3,2
DA:4,2
DA:5,2
DA:6,2
DA:7,2
DA:9,2
DA:10,2
DA:11,2
LF:9
LH:9
BRDA:3,0,0,2
BRDA:4,1,0,0
BRDA:9,2,0,2
BRF:3
BRH:2
end_of_record
TN:
SF:src\lib\theme.ts
FN:1,(empty-report)
FNF:1
FNH:1
FNDA:1,(empty-report)
DA:4,0
DA:5,0
DA:7,0
DA:8,0
DA:9,0
DA:10,0
DA:11,0
DA:14,0
DA:17,0
DA:20,0
DA:21,0
DA:22,0
DA:24,0
DA:25,0
DA:26,0
DA:27,0
DA:28,0
DA:31,0
DA:32,0
DA:33,0
DA:34,0
DA:35,0
DA:38,0
DA:39,0
DA:40,0
DA:41,0
DA:44,0
DA:45,0
DA:46,0
DA:49,0
DA:50,0
DA:51,0
DA:52,0
DA:53,0
DA:55,0
DA:56,0
LF:36
LH:0
BRDA:1,0,0,1
BRF:1
BRH:1
end_of_record
TN:
SF:src\lib\utils.ts
FN:6,cn
FN:13,formatDate
FN:25,generateRandomString
FN:37,delay
FN:44,truncate
FN:52,slugify
FN:64,isValidEmail
FN:72,safeJsonParse
FNF:8
FNH:8
FNDA:1,cn
FNDA:1,formatDate
FNDA:1,generateRandomString
FNDA:1,delay
FNDA:2,truncate
FNDA:1,slugify
FNDA:2,isValidEmail
FNDA:2,safeJsonParse
DA:1,1
DA:6,1
DA:7,1
DA:8,1
DA:13,1
DA:14,1
DA:15,1
DA:16,1
DA:17,1
DA:18,1
DA:19,1
DA:20,1
DA:25,1
DA:26,1
DA:27,1
DA:28,1
DA:29,12
DA:30,12
DA:31,1
DA:32,1
DA:37,1
DA:38,1
DA:39,1
DA:44,1
DA:45,2
DA:46,1
DA:47,1
DA:52,1
DA:53,1
DA:54,1
DA:55,1
DA:56,1
DA:57,1
DA:58,1
DA:59,1
DA:64,1
DA:65,2
DA:66,2
DA:67,2
DA:72,1
DA:73,2
DA:74,2
DA:75,2
DA:76,1
DA:77,1
DA:78,2
LF:46
LH:46
BRDA:6,0,0,1
BRDA:13,1,0,1
BRDA:25,2,0,1
BRDA:28,3,0,12
BRDA:37,4,0,1
BRDA:38,5,0,1
BRDA:44,6,0,2
BRDA:45,7,0,1
BRDA:52,8,0,1
BRDA:64,9,0,2
BRDA:72,10,0,2
BRDA:75,11,0,1
BRF:12
BRH:12
end_of_record
TN:
SF:src\lib\validations.ts
FN:1,(empty-report)
FNF:1
FNH:0
FNDA:0,(empty-report)
DA:1,0
DA:2,0
DA:3,0
DA:4,0
DA:5,0
DA:6,0
LF:6
LH:0
BRDA:1,0,0,0
BRF:1
BRH:0
end_of_record
